# JRE version: Java(TM) SE Runtime Environment (15.0.1+9) (build 15.0.1+9-18)
# Java VM: Java HotSpot(TM) 64-Bit Server VM (15.0.1+9-18, mixed mode, sharing, tiered, compressed oops, parallel gc, windows-amd64)
GC Precious Log:
 CPUs: 8 total, 8 available
 Memory: 32719M
 Large Page Support: Disabled
 NUMA Support: Disabled
 Compressed Oops: Enabled (32-bit)
 Heap Min Capacity: 100M
 Heap Initial Capacity: 100M
 Heap Max Capacity: 1G
 Pre-touch: Disabled
 Parallel Workers: 8
Heap:
 PSYoungGen      total 19456K, used 998K [0x00000000eab00000, 0x00000000ee200000, 0x0000000100000000)
  eden space 18432K, 0% used [0x00000000eab00000,0x00000000eab00000,0x00000000ebd00000)
  from space 1024K, 97% used [0x00000000ec000000,0x00000000ec0f9a58,0x00000000ec100000)
  to   space 18944K, 0% used [0x00000000ecf80000,0x00000000ecf80000,0x00000000ee200000)
 ParOldGen       total 158208K, used 145562K [0x00000000c0000000, 0x00000000c9a80000, 0x00000000eab00000)
  object space 158208K, 92% used [0x00000000c0000000,0x00000000c8e26be8,0x00000000c9a80000)
 Metaspace       used 74246K, capacity 77438K, committed 77952K, reserved 1118208K
  class space    used 7282K, capacity 8421K, committed 8576K, reserved 1048576K
GC Heap History (20 events):
Event: 3077.594 GC heap after
{Heap after GC invocations=156 (full 10):
 PSYoungGen      total 26112K, used 7267K [0x00000000eab00000, 0x00000000ece00000, 0x0000000100000000)
  eden space 18432K, 0% used [0x00000000eab00000,0x00000000eab00000,0x00000000ebd00000)
  from space 7680K, 94% used [0x00000000ec680000,0x00000000ecd98d88,0x00000000ece00000)
  to   space 8192K, 0% used [0x00000000ebe00000,0x00000000ebe00000,0x00000000ec600000)
 ParOldGen       total 158208K, used 121716K [0x00000000c0000000, 0x00000000c9a80000, 0x00000000eab00000)
  object space 158208K, 76% used [0x00000000c0000000,0x00000000c76dd320,0x00000000c9a80000)
 Metaspace       used 73997K, capacity 77118K, committed 77696K, reserved 1118208K
  class space    used 7278K, capacity 8421K, committed 8576K, reserved 1048576K
}
Event: 13071.097 GC heap before
{Heap before GC invocations=157 (full 10):
 PSYoungGen      total 26112K, used 25699K [0x00000000eab00000, 0x00000000ece00000, 0x0000000100000000)
  eden space 18432K, 99% used [0x00000000eab00000,0x00000000ebcfffe8,0x00000000ebd00000)
  from space 7680K, 94% used [0x00000000ec680000,0x00000000ecd98d88,0x00000000ece00000)
  to   space 8192K, 0% used [0x00000000ebe00000,0x00000000ebe00000,0x00000000ec600000)
 ParOldGen       total 158208K, used 121716K [0x00000000c0000000, 0x00000000c9a80000, 0x00000000eab00000)
  object space 158208K, 76% used [0x00000000c0000000,0x00000000c76dd320,0x00000000c9a80000)
 Metaspace       used 74044K, capacity 77182K, committed 77696K, reserved 1118208K
  class space    used 7278K, capacity 8421K, committed 8576K, reserved 1048576K
}
Event: 13071.099 GC heap after
{Heap after GC invocations=157 (full 10):
 PSYoungGen      total 18944K, used 224K [0x00000000eab00000, 0x00000000ec700000, 0x0000000100000000)
  eden space 18432K, 0% used [0x00000000eab00000,0x00000000eab00000,0x00000000ebd00000)
  from space 512K, 43% used [0x00000000ebe00000,0x00000000ebe38000,0x00000000ebe80000)
  to   space 3072K, 0% used [0x00000000ec400000,0x00000000ec400000,0x00000000ec700000)
 ParOldGen       total 158208K, used 126986K [0x00000000c0000000, 0x00000000c9a80000, 0x00000000eab00000)
  object space 158208K, 80% used [0x00000000c0000000,0x00000000c7c02870,0x00000000c9a80000)
 Metaspace       used 74044K, capacity 77182K, committed 77696K, reserved 1118208K
  class space    used 7278K, capacity 8421K, committed 8576K, reserved 1048576K
}
Event: 29277.245 GC heap before
{Heap before GC invocations=158 (full 10):
 PSYoungGen      total 18944K, used 18656K [0x00000000eab00000, 0x00000000ec700000, 0x0000000100000000)
  eden space 18432K, 100% used [0x00000000eab00000,0x00000000ebd00000,0x00000000ebd00000)
  from space 512K, 43% used [0x00000000ebe00000,0x00000000ebe38000,0x00000000ebe80000)
  to   space 3072K, 0% used [0x00000000ec400000,0x00000000ec400000,0x00000000ec700000)
 ParOldGen       total 158208K, used 126986K [0x00000000c0000000, 0x00000000c9a80000, 0x00000000eab00000)
  object space 158208K, 80% used [0x00000000c0000000,0x00000000c7c02870,0x00000000c9a80000)
 Metaspace       used 74080K, capacity 77182K, committed 77696K, reserved 1118208K
  class space    used 7278K, capacity 8421K, committed 8576K, reserved 1048576K
}
Event: 29277.247 GC heap after
{Heap after GC invocations=158 (full 10):
 PSYoungGen      total 21504K, used 3060K [0x00000000eab00000, 0x00000000ec700000, 0x0000000100000000)
  eden space 18432K, 0% used [0x00000000eab00000,0x00000000eab00000,0x00000000ebd00000)
  from space 3072K, 99% used [0x00000000ec400000,0x00000000ec6fd1a0,0x00000000ec700000)
  to   space 4608K, 0% used [0x00000000ebe00000,0x00000000ebe00000,0x00000000ec280000)
 ParOldGen       total 158208K, used 127810K [0x00000000c0000000, 0x00000000c9a80000, 0x00000000eab00000)
  object space 158208K, 80% used [0x00000000c0000000,0x00000000c7cd0870,0x00000000c9a80000)
 Metaspace       used 74080K, capacity 77182K, committed 77696K, reserved 1118208K
  class space    used 7278K, capacity 8421K, committed 8576K, reserved 1048576K
}
Event: 29279.707 GC heap before
{Heap before GC invocations=159 (full 10):
 PSYoungGen      total 21504K, used 21451K [0x00000000eab00000, 0x00000000ec700000, 0x0000000100000000)
  eden space 18432K, 99% used [0x00000000eab00000,0x00000000ebcf5ce0,0x00000000ebd00000)
  from space 3072K, 99% used [0x00000000ec400000,0x00000000ec6fd1a0,0x00000000ec700000)
  to   space 4608K, 0% used [0x00000000ebe00000,0x00000000ebe00000,0x00000000ec280000)
 ParOldGen       total 158208K, used 127810K [0x00000000c0000000, 0x00000000c9a80000, 0x00000000eab00000)
  object space 158208K, 80% used [0x00000000c0000000,0x00000000c7cd0870,0x00000000c9a80000)
 Metaspace       used 74089K, capacity 77182K, committed 77696K, reserved 1118208K
  class space    used 7278K, capacity 8421K, committed 8576K, reserved 1048576K
}
Event: 29279.709 GC heap after
{Heap after GC invocations=159 (full 10):
 PSYoungGen      total 21504K, used 2706K [0x00000000eab00000, 0x00000000ec480000, 0x0000000100000000)
  eden space 18432K, 0% used [0x00000000eab00000,0x00000000eab00000,0x00000000ebd00000)
  from space 3072K, 88% used [0x00000000ebe00000,0x00000000ec0a48c0,0x00000000ec100000)
  to   space 3584K, 0% used [0x00000000ec100000,0x00000000ec100000,0x00000000ec480000)
 ParOldGen       total 158208K, used 128664K [0x00000000c0000000, 0x00000000c9a80000, 0x00000000eab00000)
  object space 158208K, 81% used [0x00000000c0000000,0x00000000c7da6268,0x00000000c9a80000)
 Metaspace       used 74089K, capacity 77182K, committed 77696K, reserved 1118208K
  class space    used 7278K, capacity 8421K, committed 8576K, reserved 1048576K
}
Event: 29281.231 GC heap before
{Heap before GC invocations=160 (full 10):
 PSYoungGen      total 21504K, used 21138K [0x00000000eab00000, 0x00000000ec480000, 0x0000000100000000)
  eden space 18432K, 100% used [0x00000000eab00000,0x00000000ebd00000,0x00000000ebd00000)
  from space 3072K, 88% used [0x00000000ebe00000,0x00000000ec0a48c0,0x00000000ec100000)
  to   space 3584K, 0% used [0x00000000ec100000,0x00000000ec100000,0x00000000ec480000)
 ParOldGen       total 158208K, used 128664K [0x00000000c0000000, 0x00000000c9a80000, 0x00000000eab00000)
  object space 158208K, 81% used [0x00000000c0000000,0x00000000c7da6268,0x00000000c9a80000)
 Metaspace       used 74115K, capacity 77246K, committed 77696K, reserved 1118208K
  class space    used 7278K, capacity 8421K, committed 8576K, reserved 1048576K
}
Event: 29281.233 GC heap after
{Heap after GC invocations=160 (full 10):
 PSYoungGen      total 20480K, used 1620K [0x00000000eab00000, 0x00000000ec300000, 0x0000000100000000)
  eden space 18432K, 0% used [0x00000000eab00000,0x00000000eab00000,0x00000000ebd00000)
  from space 2048K, 79% used [0x00000000ec100000,0x00000000ec295150,0x00000000ec300000)
  to   space 2560K, 0% used [0x00000000ebe00000,0x00000000ebe00000,0x00000000ec080000)
 ParOldGen       total 158208K, used 128728K [0x00000000c0000000, 0x00000000c9a80000, 0x00000000eab00000)
  object space 158208K, 81% used [0x00000000c0000000,0x00000000c7db6268,0x00000000c9a80000)
 Metaspace       used 74115K, capacity 77246K, committed 77696K, reserved 1118208K
  class space    used 7278K, capacity 8421K, committed 8576K, reserved 1048576K
}
Event: 29281.272 GC heap before
{Heap before GC invocations=161 (full 10):
 PSYoungGen      total 20480K, used 20052K [0x00000000eab00000, 0x00000000ec300000, 0x0000000100000000)
  eden space 18432K, 100% used [0x00000000eab00000,0x00000000ebd00000,0x00000000ebd00000)
  from space 2048K, 79% used [0x00000000ec100000,0x00000000ec295150,0x00000000ec300000)
  to   space 2560K, 0% used [0x00000000ebe00000,0x00000000ebe00000,0x00000000ec080000)
 ParOldGen       total 158208K, used 128728K [0x00000000c0000000, 0x00000000c9a80000, 0x00000000eab00000)
  object space 158208K, 81% used [0x00000000c0000000,0x00000000c7db6268,0x00000000c9a80000)
 Metaspace       used 74129K, capacity 77246K, committed 77696K, reserved 1118208K
  class space    used 7278K, capacity 8421K, committed 8576K, reserved 1048576K
}
Event: 29281.274 GC heap after
{Heap after GC invocations=161 (full 10):
 PSYoungGen      total 20992K, used 2548K [0x00000000eab00000, 0x00000000ec600000, 0x0000000100000000)
  eden space 18432K, 0% used [0x00000000eab00000,0x00000000eab00000,0x00000000ebd00000)
  from space 2560K, 99% used [0x00000000ebe00000,0x00000000ec07d140,0x00000000ec080000)
  to   space 4608K, 0% used [0x00000000ec180000,0x00000000ec180000,0x00000000ec600000)
 ParOldGen       total 158208K, used 130260K [0x00000000c0000000, 0x00000000c9a80000, 0x00000000eab00000)
  object space 158208K, 82% used [0x00000000c0000000,0x00000000c7f35398,0x00000000c9a80000)
 Metaspace       used 74129K, capacity 77246K, committed 77696K, reserved 1118208K
  class space    used 7278K, capacity 8421K, committed 8576K, reserved 1048576K
}
Event: 29284.255 GC heap before
{Heap before GC invocations=162 (full 10):
 PSYoungGen      total 20992K, used 20478K [0x00000000eab00000, 0x00000000ec600000, 0x0000000100000000)
  eden space 18432K, 97% used [0x00000000eab00000,0x00000000ebc82a00,0x00000000ebd00000)
  from space 2560K, 99% used [0x00000000ebe00000,0x00000000ec07d140,0x00000000ec080000)
  to   space 4608K, 0% used [0x00000000ec180000,0x00000000ec180000,0x00000000ec600000)
 ParOldGen       total 158208K, used 130260K [0x00000000c0000000, 0x00000000c9a80000, 0x00000000eab00000)
  object space 158208K, 82% used [0x00000000c0000000,0x00000000c7f35398,0x00000000c9a80000)
 Metaspace       used 74168K, capacity 77246K, committed 77696K, reserved 1118208K
  class space    used 7281K, capacity 8421K, committed 8576K, reserved 1048576K
}
Event: 29284.256 GC heap after
{Heap after GC invocations=162 (full 10):
 PSYoungGen      total 18944K, used 224K [0x00000000eab00000, 0x00000000ec200000, 0x0000000100000000)
  eden space 18432K, 0% used [0x00000000eab00000,0x00000000eab00000,0x00000000ebd00000)
  from space 512K, 43% used [0x00000000ec180000,0x00000000ec1b8000,0x00000000ec200000)
  to   space 2048K, 0% used [0x00000000ebe00000,0x00000000ebe00000,0x00000000ec000000)
 ParOldGen       total 158208K, used 130316K [0x00000000c0000000, 0x00000000c9a80000, 0x00000000eab00000)
  object space 158208K, 82% used [0x00000000c0000000,0x00000000c7f43398,0x00000000c9a80000)
 Metaspace       used 74168K, capacity 77246K, committed 77696K, reserved 1118208K
  class space    used 7281K, capacity 8421K, committed 8576K, reserved 1048576K
}
Event: 29285.562 GC heap before
{Heap before GC invocations=163 (full 10):
 PSYoungGen      total 18944K, used 18656K [0x00000000eab00000, 0x00000000ec200000, 0x0000000100000000)
  eden space 18432K, 100% used [0x00000000eab00000,0x00000000ebd00000,0x00000000ebd00000)
  from space 512K, 43% used [0x00000000ec180000,0x00000000ec1b8000,0x00000000ec200000)
  to   space 2048K, 0% used [0x00000000ebe00000,0x00000000ebe00000,0x00000000ec000000)
 ParOldGen       total 158208K, used 130316K [0x00000000c0000000, 0x00000000c9a80000, 0x00000000eab00000)
  object space 158208K, 82% used [0x00000000c0000000,0x00000000c7f43398,0x00000000c9a80000)
 Metaspace       used 74208K, capacity 77374K, committed 77952K, reserved 1118208K
  class space    used 7282K, capacity 8421K, committed 8576K, reserved 1048576K
}
Event: 29285.563 GC heap after
{Heap after GC invocations=163 (full 10):
 PSYoungGen      total 20480K, used 186K [0x00000000eab00000, 0x00000000ec200000, 0x0000000100000000)
  eden space 18432K, 0% used [0x00000000eab00000,0x00000000eab00000,0x00000000ebd00000)
  from space 2048K, 9% used [0x00000000ebe00000,0x00000000ebe2e900,0x00000000ec000000)
  to   space 512K, 0% used [0x00000000ec180000,0x00000000ec180000,0x00000000ec200000)
 ParOldGen       total 158208K, used 130393K [0x00000000c0000000, 0x00000000c9a80000, 0x00000000eab00000)
  object space 158208K, 82% used [0x00000000c0000000,0x00000000c7f56538,0x00000000c9a80000)
 Metaspace       used 74208K, capacity 77374K, committed 77952K, reserved 1118208K
  class space    used 7282K, capacity 8421K, committed 8576K, reserved 1048576K
}
Event: 29287.181 GC heap before
{Heap before GC invocations=164 (full 10):
 PSYoungGen      total 20480K, used 18618K [0x00000000eab00000, 0x00000000ec200000, 0x0000000100000000)
  eden space 18432K, 100% used [0x00000000eab00000,0x00000000ebd00000,0x00000000ebd00000)
  from space 2048K, 9% used [0x00000000ebe00000,0x00000000ebe2e900,0x00000000ec000000)
  to   space 512K, 0% used [0x00000000ec180000,0x00000000ec180000,0x00000000ec200000)
 ParOldGen       total 158208K, used 130393K [0x00000000c0000000, 0x00000000c9a80000, 0x00000000eab00000)
  object space 158208K, 82% used [0x00000000c0000000,0x00000000c7f56538,0x00000000c9a80000)
 Metaspace       used 74231K, capacity 77438K, committed 77952K, reserved 1118208K
  class space    used 7282K, capacity 8421K, committed 8576K, reserved 1048576K
}
Event: 29287.182 GC heap after
{Heap after GC invocations=164 (full 10):
 PSYoungGen      total 18944K, used 500K [0x00000000eab00000, 0x00000000ec200000, 0x0000000100000000)
  eden space 18432K, 0% used [0x00000000eab00000,0x00000000eab00000,0x00000000ebd00000)
  from space 512K, 97% used [0x00000000ec180000,0x00000000ec1fd200,0x00000000ec200000)
  to   space 1024K, 0% used [0x00000000ec000000,0x00000000ec000000,0x00000000ec100000)
 ParOldGen       total 158208K, used 130677K [0x00000000c0000000, 0x00000000c9a80000, 0x00000000eab00000)
  object space 158208K, 82% used [0x00000000c0000000,0x00000000c7f9d568,0x00000000c9a80000)
 Metaspace       used 74231K, capacity 77438K, committed 77952K, reserved 1118208K
  class space    used 7282K, capacity 8421K, committed 8576K, reserved 1048576K
}
Event: 29287.218 GC heap before
{Heap before GC invocations=165 (full 10):
 PSYoungGen      total 18944K, used 18932K [0x00000000eab00000, 0x00000000ec200000, 0x0000000100000000)
  eden space 18432K, 99% used [0x00000000eab00000,0x00000000ebcffff8,0x00000000ebd00000)
  from space 512K, 97% used [0x00000000ec180000,0x00000000ec1fd200,0x00000000ec200000)
  to   space 1024K, 0% used [0x00000000ec000000,0x00000000ec000000,0x00000000ec100000)
 ParOldGen       total 158208K, used 130677K [0x00000000c0000000, 0x00000000c9a80000, 0x00000000eab00000)
  object space 158208K, 82% used [0x00000000c0000000,0x00000000c7f9d568,0x00000000c9a80000)
 Metaspace       used 74246K, capacity 77438K, committed 77952K, reserved 1118208K
  class space    used 7282K, capacity 8421K, committed 8576K, reserved 1048576K
}
Event: 29287.223 GC heap after
{Heap after GC invocations=165 (full 10):
 PSYoungGen      total 19456K, used 998K [0x00000000eab00000, 0x00000000ee200000, 0x0000000100000000)
  eden space 18432K, 0% used [0x00000000eab00000,0x00000000eab00000,0x00000000ebd00000)
  from space 1024K, 97% used [0x00000000ec000000,0x00000000ec0f9a58,0x00000000ec100000)
  to   space 18944K, 0% used [0x00000000ecf80000,0x00000000ecf80000,0x00000000ee200000)
 ParOldGen       total 158208K, used 145562K [0x00000000c0000000, 0x00000000c9a80000, 0x00000000eab00000)
  object space 158208K, 92% used [0x00000000c0000000,0x00000000c8e26be8,0x00000000c9a80000)
 Metaspace       used 74246K, capacity 77438K, committed 77952K, reserved 1118208K
  class space    used 7282K, capacity 8421K, committed 8576K, reserved 1048576K
}
Event: 29287.223 GC heap before
{Heap before GC invocations=166 (full 11):
 PSYoungGen      total 19456K, used 998K [0x00000000eab00000, 0x00000000ee200000, 0x0000000100000000)
  eden space 18432K, 0% used [0x00000000eab00000,0x00000000eab00000,0x00000000ebd00000)
  from space 1024K, 97% used [0x00000000ec000000,0x00000000ec0f9a58,0x00000000ec100000)
  to   space 18944K, 0% used [0x00000000ecf80000,0x00000000ecf80000,0x00000000ee200000)
 ParOldGen       total 158208K, used 145562K [0x00000000c0000000, 0x00000000c9a80000, 0x00000000eab00000)
  object space 158208K, 92% used [0x00000000c0000000,0x00000000c8e26be8,0x00000000c9a80000)
 Metaspace       used 74246K, capacity 77438K, committed 77952K, reserved 1118208K
  class space    used 7282K, capacity 8421K, committed 8576K, reserved 1048576K
}

